    Checking tradebias v0.1.0 (C:\Project\rust)
error[E0432]: unresolved import `crate::engines::generation::genome`
 --> src\engines\generation\operators.rs:2:33
  |
2 | use crate::engines::generation::genome::Genome;
  |                                 ^^^^^^ could not find `genome` in `generation`

error[E0432]: unresolved import `crate::engines::generation::genome`
 --> src\engines\generation\evolution_engine.rs:6:5
  |
6 |     genome::Genome,
  |     ^^^^^^ could not find `genome` in `generation`

error[E0425]: cannot find function `abs` in module `dsl`
   --> src\functions\primitives.rs:152:17
    |
152 |         Ok(dsl::abs(args[0].clone()))
    |                 ^^^ not found in `dsl`

warning: unused import: `crate::types::*`
 --> src\engines\metrics\risk.rs:2:5
  |
2 | use crate::types::*;
  |     ^^^^^^^^^^^^^^^
  |
  = note: `#[warn(unused_imports)]` on by default

warning: unused import: `Value`
 --> src\engines\evaluation\backtester.rs:6:38
  |
6 |     types::{AstNode, StrategyResult, Value},
  |                                      ^^^^^

warning: unused import: `TradebiasError`
 --> src\engines\evaluation\portfolio.rs:2:21
  |
2 |     error::{Result, TradebiasError},
  |                     ^^^^^^^^^^^^^^

warning: unused import: `crate::engines::generation::ast::StrategyAST`
 --> src\engines\generation\operators.rs:1:5
  |
1 | use crate::engines::generation::ast::StrategyAST;
  |     ^^^^^^^^^^^^^^^^^^^^^^^^^^^^^^^^^^^^^^^^^^^^

warning: unused import: `HashSet`
 --> src\engines\generation\diversity_validator.rs:3:33
  |
3 | use std::collections::{HashMap, HashSet};
  |                                 ^^^^^^^

warning: unused import: `Duration`
 --> src\functions\primitives.rs:2:23
  |
2 | use polars::prelude::{Duration, EWMOptions, LiteralValue, RollingOptionsFixedWindow};
  |                       ^^^^^^^^

warning: unused import: `Expr`
 --> src\functions\primitives.rs:3:31
  |
3 | use polars::lazy::dsl::{self, Expr};
  |                               ^^^^

warning: unused import: `Duration`
 --> src\functions\indicators\momentum.rs:8:26
  |
8 |     prelude::{lit, when, Duration, EWMOptions, RollingOptionsFixedWindow},
  |                          ^^^^^^^^

warning: unused import: `collections::VecDeque`
  --> src\functions\indicators\trend.rs:11:21
   |
11 | use std::{any::Any, collections::VecDeque};
   |                     ^^^^^^^^^^^^^^^^^^^^^

warning: unused import: `Duration`
 --> src\functions\indicators\volatility.rs:8:20
  |
8 |     prelude::{lit, Duration, EWMOptions, RollingOptionsFixedWindow},
  |                    ^^^^^^^^

warning: unused import: `Duration`
 --> src\functions\indicators\volume.rs:8:20
  |
8 |     prelude::{lit, Duration, EWMOptions, RollingOptionsFixedWindow},
  |                    ^^^^^^^^

warning: unused import: `self`
  --> src\functions\registry.rs:14:18
   |
14 |     primitives::{self, And, Or, Abs},
   |                  ^^^^

error[E0599]: the method `call` exists for reference `&dyn Indicator`, but its trait bounds were not satisfied
  --> src\engines\evaluation\expression.rs:69:37
   |
69 |         let result_expr = indicator.call(df, &arg_exprs?)?;
   |                                     ^^^^ method cannot be called on `&dyn Indicator` due to unsatisfied trait bounds
   |
  ::: src\functions\traits.rs:16:1
   |
16 | pub trait Indicator: Send + Sync {
   | -------------------------------- doesn't satisfy `dyn Indicator: Fn<_>`
   |
   = note: the following trait bounds were not satisfied:
           `dyn Indicator: Fn<_>`
           which is required by `&dyn Indicator: Fn<_>`
   = help: items from traits can only be used if the trait is implemented and in scope
   = note: the following traits define an item `call`, perhaps you need to implement one of them:
           candidate #1: `Fn`
           candidate #2: `futures_util::fns::Fn1`
           candidate #3: `hyper::service::http::HttpService`
           candidate #4: `hyper::service::service::Service`
           candidate #5: `itertools::adaptors::map::MapSpecialCaseFn`
           candidate #6: `object_store::client::http::connection::HttpService`
           candidate #7: `tower_service::Service`

error[E0599]: no method named `name` found for reference `&dyn Indicator` in the current scope
  --> src\engines\evaluation\expression.rs:74:57
   |
74 |         let cache_key = self.create_cache_key(indicator.name(), args, df)?;
   |                                                         ^^^^
   |
   = help: items from traits can only be used if the trait is implemented and in scope
   = note: the following traits define an item `name`, perhaps you need to implement one of them:
           candidate #1: `methods::base::ValidationMethod`
           candidate #2: `polars::prelude::SeriesTrait`
           candidate #3: `polars_stream::nodes::ComputeNode`
           candidate #4: `polars_stream::nodes::io_sinks::SinkNode`
           candidate #5: `rustls::crypto::SupportedKxGroup`
help: there is a method `ui_name` with a similar name
   |
74 |         let cache_key = self.create_cache_key(indicator.ui_name(), args, df)?;
   |                                                         +++

error[E0599]: the method `call` exists for reference `&dyn functions::traits::Primitive`, but its trait bounds were not satisfied
  --> src\engines\evaluation\expression.rs:87:19
   |
87 |         primitive.call(&arg_exprs?)
   |                   ^^^^ method cannot be called on `&dyn functions::traits::Primitive` due to unsatisfied trait bounds
   |
  ::: src\functions\traits.rs:68:1
   |
68 | pub trait Primitive: Send + Sync {
   | -------------------------------- doesn't satisfy `dyn functions::traits::Primitive: Fn<_>`
   |
   = note: the following trait bounds were not satisfied:
           `dyn functions::traits::Primitive: Fn<_>`
           which is required by `&dyn functions::traits::Primitive: Fn<_>`
   = help: items from traits can only be used if the trait is implemented and in scope
   = note: the following traits define an item `call`, perhaps you need to implement one of them:
           candidate #1: `Fn`
           candidate #2: `futures_util::fns::Fn1`
           candidate #3: `hyper::service::http::HttpService`
           candidate #4: `hyper::service::service::Service`
           candidate #5: `itertools::adaptors::map::MapSpecialCaseFn`
           candidate #6: `object_store::client::http::connection::HttpService`
           candidate #7: `tower_service::Service`

error[E0433]: failed to resolve: use of undeclared type `AstConverter`
  --> src\engines\generation\hall_of_fame.rs:85:5
   |
85 |     AstConverter::ast_to_canonical_json(ast)
   |     ^^^^^^^^^^^^ use of undeclared type `AstConverter`

error[E0609]: no field `try_` on type `HallOfFame`
  --> src\engines\generation\evolution_engine.rs:94:35
   |
94 |                 self.hall_of_fame.try_.add(elite);
   |                                   ^^^^ unknown field

error[E0308]: mismatched types
   --> src\engines\generation\evolution_engine.rs:145:55
    |
145 |             let backtest_result = self.backtester.run(ast.as_node(), data)?;
    |                                                   --- ^^^^^^^^^^^^^ expected `&StrategyAST`, found `&AstNode`
    |                                                   |
    |                                                   arguments to this method are incorrect
    |
    = note: expected reference `&ast::StrategyAST`
               found reference `&AstNode`
note: method defined here
   --> src\engines\evaluation\backtester.rs:29:12
    |
 29 |     pub fn run(&self, ast: &StrategyAST, data: &DataFrame) -> Result<StrategyResult> {
    |            ^^^        -----------------

error[E0308]: mismatched types
  --> src\engines\generation\diversity_validator.rs:43:33
   |
43 |                     if let Some(AstNode::Const(ConstValue::Integer(period))) = args.get(1) {
   |                                 ^^^^^^^^^^^^^^^^^^^^^^^^^^^^^^^^^^^^^^^^^^^    ----------- this expression has type `std::option::Option<&Box<AstNode>>`
   |                                 |
   |                                 expected `Box<AstNode>`, found `AstNode`
   |
   = note: expected struct `Box<AstNode>`
                found enum `AstNode`

error[E0308]: mismatched types
  --> src\engines\generation\optimisation\methods\wfo.rs:31:17
   |
27 |             splitter: WalkForwardSplitter::new(
   |                       ------------------------ arguments to this function are incorrect
...
31 |                 window_type,
   |                 ^^^^^^^^^^^ expected `bool`, found `WindowType`
   |
note: associated function defined here
  --> src\engines\generation\optimisation\splitters\wfo.rs:13:12
   |
13 |     pub fn new(
   |            ^^^
...
17 |         anchored: bool,
   |         --------------

error[E0599]: no method named `clip` found for enum `polars::prelude::Expr` in the current scope
  --> src\functions\indicators\momentum.rs:87:14
   |
85 |           let gains = delta
   |  _____________________-
86 | |             .clone()
87 | |             .clip(dsl::lit(0.0), dsl::lit(f64::INFINITY));
   | |             -^^^^ method not found in `polars::prelude::Expr`
   | |_____________|
   |

error[E0599]: no method named `clip` found for enum `polars::prelude::Expr` in the current scope
  --> src\functions\indicators\momentum.rs:88:29
   |
88 |         let losses = (delta.clip(dsl::lit(f64::NEG_INFINITY), dsl::lit(0.0))).abs();
   |                             ^^^^ method not found in `polars::prelude::Expr`

error[E0599]: no method named `abs` found for enum `polars::prelude::Expr` in the current scope
   --> src\functions\indicators\momentum.rs:267:14
    |
266 |           let mean_deviation = (typical_price.clone() - sma_tp.clone())
    |  ______________________________-
267 | |             .abs()
    | |             -^^^ method not found in `polars::prelude::Expr`
    | |_____________|
    |

error[E0599]: no method named `abs` found for enum `polars::prelude::Expr` in the current scope
  --> src\functions\indicators\volatility.rs:78:47
   |
78 |         let tr2 = (high - prev_close.clone()).abs();
   |                                               ^^^ method not found in `polars::prelude::Expr`

error[E0599]: no method named `abs` found for enum `polars::prelude::Expr` in the current scope
  --> src\functions\indicators\volatility.rs:79:38
   |
79 |         let tr3 = (low - prev_close).abs();
   |                                      ^^^ method not found in `polars::prelude::Expr`

error[E0004]: non-exhaustive patterns: `&polars::prelude::Expr::Alias(_, _)`, `&polars::prelude::Expr::Column(_)`, `&polars::prelude::Expr::Selector(_)` and 20 more not covered
  --> src\functions\primitives.rs:30:28
   |
30 |         let period = match &args[1] {
   |                            ^^^^^^^^ patterns `&polars::prelude::Expr::Alias(_, _)`, `&polars::prelude::Expr::Column(_)`, `&polars::prelude::Expr::Selector(_)` and 20 more not covered
   |
note: `polars::prelude::Expr` defined here
  --> C:\Users\nashj\.cargo\registry\src\index.crates.io-1949cf8c6b5b557f\polars-plan-0.51.0\src\dsl\expr\mod.rs:88:1
   |
88 | pub enum Expr {
   | ^^^^^^^^^^^^^
89 |     Alias(Arc<Expr>, PlSmallStr),
   |     ----- not covered
90 |     Column(PlSmallStr),
   |     ------ not covered
91 |     Selector(Selector),
   |     -------- not covered
92 |     Literal(LiteralValue),
93 |     DataTypeFunction(DataTypeFunction),
   |     ---------------- not covered
94 |     BinaryExpr {
   |     ---------- not covered
   = note: the matched value is of type `&polars::prelude::Expr`
help: ensure that all possible cases are being handled by adding a match arm with a wildcard pattern as shown, or multiple match arms
   |
37 ~             },
38 ~             _ => todo!(),
   |

Some errors have detailed explanations: E0004, E0308, E0425, E0432, E0433, E0599, E0609.
For more information about an error, try `rustc --explain E0004`.
warning: `tradebias` (lib) generated 12 warnings
error: could not compile `tradebias` (lib) due to 17 previous errors; 12 warnings emitted
